Using pre-set license
Built from '2020.2/release' branch; Version is '2020.2.2f1 (068178b99f32) revision 426360'; Using compiler version '192528614'; Build Type 'Release'
OS: 'Windows 10 Home; OS build 19041.746; Version 2004; 64bit' Language: 'es' Physical Memory: 16300 MB
BatchMode: 1, IsHumanControllingUs: 0, StartBugReporterOnCrash: 0, Is64bit: 1, IsPro: 0

 COMMAND LINE ARGUMENTS:
C:\Program Files\Unity\Hub\Editor\2020.2.2f1\Editor\Unity.exe
-adb2
-batchMode
-noUpm
-name
AssetImportWorker0
-projectPath
D:/Proyectos/Unity/John Lemon
-logFile
Logs/AssetImportWorker0.log
-srvPort
57933
Successfully changed project path to: D:/Proyectos/Unity/John Lemon
D:/Proyectos/Unity/John Lemon
Using Asset Import Pipeline V2.
Refreshing native plugins compatible for Editor in 65.46 ms, found 0 plugins.
Preloading 0 native plugins for Editor in 0.00 ms.
Initialize engine version: 2020.2.2f1 (068178b99f32)
[Subsystems] Discovering subsystems at path C:/Program Files/Unity/Hub/Editor/2020.2.2f1/Editor/Data/Resources/UnitySubsystems
[Subsystems] Discovering subsystems at path D:/Proyectos/Unity/John Lemon/Assets
GfxDevice: creating device client; threaded=0
Direct3D:
    Version:  Direct3D 11.0 [level 11.0]
    Renderer: NVIDIA GeForce GTX 870M (ID=0x1199)
    Vendor:   
    VRAM:     6097 MB
    Driver:   25.21.14.2531
Shader 'Universal Render Pipeline/Particles/Lit': fallback shader 'Universal Render Pipeline/Particles/SimpleLit' not found
Initialize mono
Mono path[0] = 'C:/Program Files/Unity/Hub/Editor/2020.2.2f1/Editor/Data/Managed'
Mono path[1] = 'C:/Program Files/Unity/Hub/Editor/2020.2.2f1/Editor/Data/MonoBleedingEdge/lib/mono/unityjit'
Mono config path = 'C:/Program Files/Unity/Hub/Editor/2020.2.2f1/Editor/Data/MonoBleedingEdge/etc'
Using monoOptions --debugger-agent=transport=dt_socket,embedding=1,server=y,suspend=n,address=127.0.0.1:56876
Begin MonoManager ReloadAssembly
Registering precompiled unity dll's ...
Register platform support module: C:/Program Files/Unity/Hub/Editor/2020.2.2f1/Editor/Data/PlaybackEngines/WindowsStandaloneSupport/UnityEditor.WindowsStandalone.Extensions.dll
Registered in 0.001912 seconds.
Native extension for WindowsStandalone target not found
Refreshing native plugins compatible for Editor in 67.61 ms, found 0 plugins.
Preloading 0 native plugins for Editor in 0.00 ms.
Invoked RoslynAnalysisRunner static constructor.
RoslynAnalysisRunner will not be running.
RoslynAnalysisRunner has terminated.
Mono: successfully reloaded assembly
- Completed reload, in  1.158 seconds
Platform modules already initialized, skipping
Registering precompiled user dll's ...
Registered in 0.002942 seconds.
Begin MonoManager ReloadAssembly
Native extension for WindowsStandalone target not found
Refreshing native plugins compatible for Editor in 71.74 ms, found 0 plugins.
Preloading 0 native plugins for Editor in 0.00 ms.
Invoked RoslynAnalysisRunner static constructor.
RoslynAnalysisRunner will not be running.
RoslynAnalysisRunner has terminated.
Mono: successfully reloaded assembly
- Completed reload, in  1.139 seconds
Platform modules already initialized, skipping
========================================================================
Worker process is ready to serve import requests
Shader 'Universal Render Pipeline/Particles/Lit': fallback shader 'Universal Render Pipeline/Particles/SimpleLit' not found
Launched and connected shader compiler UnityShaderCompiler.exe after 0.04 seconds
Refreshing native plugins compatible for Editor in 0.76 ms, found 0 plugins.
Preloading 0 native plugins for Editor in 0.00 ms.
Unloading 2896 Unused Serialized files (Serialized files now loaded: 0)
System memory in use before: 205.9 MB.
System memory in use after: 206.1 MB.

Unloading 37 unused Assets to reduce memory usage. Loaded Objects now: 3330.
Total: 3.251900 ms (FindLiveObjects: 0.410500 ms CreateObjectMapping: 0.279400 ms MarkObjects: 2.412700 ms  DeleteObjects: 0.148400 ms)

========================================================================
Received Import Request.
  path: Assets
  artifactKey: Guid(00000000000000001000000000000000) Importer(815301076,1909f56bfc062723c751e8b465ee728b)
Start importing Assets using Guid(00000000000000001000000000000000) Importer(815301076,1909f56bfc062723c751e8b465ee728b)  -> (artifact id: '4a6e520b92ccfc61bcfa21a7bcab8468') in 0.011098 seconds
  Import took 0.016449 seconds .

========================================================================
Received Import Request.
  Time since last request: 26.413518 seconds.
  path: Assets/New Shader Graph.shadergraph
  artifactKey: Guid(76ec47b247bd33e409b82119327c5581) Importer(815301076,1909f56bfc062723c751e8b465ee728b)
Start importing Assets/New Shader Graph.shadergraph using Guid(76ec47b247bd33e409b82119327c5581) Importer(815301076,1909f56bfc062723c751e8b465ee728b)  -> (artifact id: 'fda26eb1d6bb7adbf8656baf2519a519') in 0.034583 seconds
  Import took 0.042330 seconds .

========================================================================
Received Import Request.
  Time since last request: 0.387992 seconds.
  path: Assets/New Shader Graph.shadergraph
  artifactKey: Guid(76ec47b247bd33e409b82119327c5581) Importer(815301076,1909f56bfc062723c751e8b465ee728b)
Start importing Assets/New Shader Graph.shadergraph using Guid(76ec47b247bd33e409b82119327c5581) Importer(815301076,1909f56bfc062723c751e8b465ee728b)  -> (artifact id: 'fda26eb1d6bb7adbf8656baf2519a519') in 0.003511 seconds
  Import took 0.009341 seconds .

========================================================================
Received Prepare
Registering precompiled user dll's ...
Registered in 0.024036 seconds.
Begin MonoManager ReloadAssembly
Native extension for WindowsStandalone target not found
Refreshing native plugins compatible for Editor in 0.69 ms, found 0 plugins.
Preloading 0 native plugins for Editor in 0.00 ms.
Invoked RoslynAnalysisRunner static constructor.
RoslynAnalysisRunner will not be running.
RoslynAnalysisRunner has terminated.
Mono: successfully reloaded assembly
- Completed reload, in  0.958 seconds
Platform modules already initialized, skipping
Shader 'Universal Render Pipeline/Particles/Lit': fallback shader 'Universal Render Pipeline/Particles/SimpleLit' not found
Refreshing native plugins compatible for Editor in 0.73 ms, found 0 plugins.
Preloading 0 native plugins for Editor in 0.00 ms.
Unloading 2754 Unused Serialized files (Serialized files now loaded: 0)
System memory in use before: 198.6 MB.
System memory in use after: 198.8 MB.

Unloading 28 unused Assets to reduce memory usage. Loaded Objects now: 3332.
Total: 3.086000 ms (FindLiveObjects: 0.490300 ms CreateObjectMapping: 0.160600 ms MarkObjects: 2.319300 ms  DeleteObjects: 0.114000 ms)

AssetImportWorkerClient::OnTransportError - code=2 error=End of file
